<?xml version="1.0" encoding="UTF-8"?>
<!-- Generated by org.testng.reporters.JUnitReportReporter -->
<testsuite hostname="Thamizhmaran" failures="0" tests="1" name="testCases.TC002_SignInTestWithValid" time="34.352" errors="0" timestamp="2025-09-13T23:26:56 IST" skipped="0">
  <testcase classname="testCases.TC002_SignInTestWithValid" name="validateSignIn" time="34.352"/>
</testsuite> <!-- testCases.TC002_SignInTestWithValid -->
