<?xml version="1.0" encoding="UTF-8"?>
<!-- Generated by org.testng.reporters.JUnitReportReporter -->
<testsuite hostname="010223HP840G543" failures="0" tests="4" name="testCases.TC003_SignInUsingDDT" time="71.263" errors="0" timestamp="2025-08-19T15:09:31 IST" skipped="0">
  <testcase classname="testCases.TC003_SignInUsingDDT" name="signInPage" time="31.067"/>
  <system-out/>
  <testcase classname="testCases.TC003_SignInUsingDDT" name="signInPage" time="31.236"/>
  <system-out/>
  <testcase classname="testCases.TC003_SignInUsingDDT" name="signInPage" time="4.071"/>
  <system-out/>
  <testcase classname="testCases.TC003_SignInUsingDDT" name="signInPage" time="4.889"/>
  <system-out/>
</testsuite> <!-- testCases.TC003_SignInUsingDDT -->
