<?xml version="1.0" encoding="UTF-8"?>
<!-- Generated by org.testng.reporters.JUnitReportReporter -->
<testsuite hostname="010223HP840G543" failures="0" tests="2" name="testCases.TC004_AddClassTestCase" time="15.371" errors="0" timestamp="2025-08-20T12:27:01 IST" skipped="0">
  <testcase classname="testCases.TC004_AddClassTestCase" name="addClassTestCase" time="7.997"/>
  <system-out/>
  <testcase classname="testCases.TC004_AddClassTestCase" name="addClassTestCase" time="7.374"/>
  <system-out/>
</testsuite> <!-- testCases.TC004_AddClassTestCase -->
